Running on host: ga110
CUDA_VISIBLE_DEVICES=0
Tue Jul  7 10:53:57 2026       
+-----------------------------------------------------------------------------------------+
| NVIDIA-SMI 560.28.03              Driver Version: 560.28.03      CUDA Version: 12.6     |
|-----------------------------------------+------------------------+----------------------+
| GPU  Name                 Persistence-M | Bus-Id          Disp.A | Volatile Uncorr. ECC |
| Fan  Temp   Perf          Pwr:Usage/Cap |           Memory-Usage | GPU-Util  Compute M. |
|                                         |                        |               MIG M. |
|=========================================+========================+======================|
|   0  NVIDIA A100-SXM4-80GB          On  |   00000000:41:00.0 Off |                    0 |
| N/A   27C    P0             60W /  500W |       1MiB /  81920MiB |      0%      Default |
|                                         |                        |             Disabled |
+-----------------------------------------+------------------------+----------------------+
                                                                                         
+-----------------------------------------------------------------------------------------+
| Processes:                                                                              |
|  GPU   GI   CI        PID   Type   Process name                              GPU Memory |
|        ID   ID                                                               Usage      |
|=========================================================================================|
|  No running processes found                                                             |
+-----------------------------------------------------------------------------------------+
python: /nemo/lab/ulej/home/users/luscomben/users/iosubi/bin/miniconda3/envs/alphagenome_ribo312/bin/python
torch: 2.5.1
cuda available: True
torch cuda: 12.1
cuda tensor ok: 1.0
gpu name: NVIDIA A100-SXM4-80GB
Starting RNA-seq training at Tue  7 Jul 10:54:21 BST 2026
Using device: cuda
Loading AlphaGenome trunk...
Training windows: 100 from /nemo/project/proj-ai-dna-hackathon/proj5/small_regions/train_regions.bed
Validation windows: 30 from /nemo/project/proj-ai-dna-hackathon/proj5/small_regions/valid_regions.bed
AlphaGenome trunk checkpoint: /nemo/project/proj-ai-dna-hackathon/proj5/models/model_fold_0.safetensors
AlphaGenome model version: fold_0
Ribo-seq head modality: rna_seq
Learning rate: 0.001
Head architecture: linear
Loss mode: poisson_multinomial
Poisson-multinomial loss: segment_bp=2048, positional_weight=5.0, count_weight=1.0
Poisson-multinomial predictions are interpreted as rates, not log-rates.
Starting training...
Epoch 1 Train Loss: 0.067146 PredMean: 0.027000 TargetMean: 0.001119
Epoch 1 Valid Loss: 0.032738 PredMean: 0.001950 TargetMean: 0.000937
Saved new best checkpoint to /nemo/project/proj-ai-dna-hackathon/proj5/alphagenome_rnaseq_head_ag_fold0_linear_poisson_multinomial_49721436.pth
Epoch 2 Train Loss: 0.036063 PredMean: 0.002228 TargetMean: 0.001119
Epoch 2 Valid Loss: 0.031821 PredMean: 0.001037 TargetMean: 0.000937
Saved new best checkpoint to /nemo/project/proj-ai-dna-hackathon/proj5/alphagenome_rnaseq_head_ag_fold0_linear_poisson_multinomial_49721436.pth
Epoch 3 Train Loss: 0.034999 PredMean: 0.001652 TargetMean: 0.001119
Epoch 3 Valid Loss: 0.030975 PredMean: 0.000860 TargetMean: 0.000937
Saved new best checkpoint to /nemo/project/proj-ai-dna-hackathon/proj5/alphagenome_rnaseq_head_ag_fold0_linear_poisson_multinomial_49721436.pth
Epoch 4 Train Loss: 0.034438 PredMean: 0.001616 TargetMean: 0.001119
Epoch 4 Valid Loss: 0.030734 PredMean: 0.000638 TargetMean: 0.000937
Saved new best checkpoint to /nemo/project/proj-ai-dna-hackathon/proj5/alphagenome_rnaseq_head_ag_fold0_linear_poisson_multinomial_49721436.pth
Epoch 5 Train Loss: 0.034082 PredMean: 0.001486 TargetMean: 0.001119
Epoch 5 Valid Loss: 0.030486 PredMean: 0.000521 TargetMean: 0.000937
Saved new best checkpoint to /nemo/project/proj-ai-dna-hackathon/proj5/alphagenome_rnaseq_head_ag_fold0_linear_poisson_multinomial_49721436.pth
Epoch 6 Train Loss: 0.033854 PredMean: 0.001342 TargetMean: 0.001119
Epoch 6 Valid Loss: 0.030026 PredMean: 0.000571 TargetMean: 0.000937
Saved new best checkpoint to /nemo/project/proj-ai-dna-hackathon/proj5/alphagenome_rnaseq_head_ag_fold0_linear_poisson_multinomial_49721436.pth
Epoch 7 Train Loss: 0.033638 PredMean: 0.001396 TargetMean: 0.001119
Epoch 7 Valid Loss: 0.029968 PredMean: 0.000477 TargetMean: 0.000937
Saved new best checkpoint to /nemo/project/proj-ai-dna-hackathon/proj5/alphagenome_rnaseq_head_ag_fold0_linear_poisson_multinomial_49721436.pth
Epoch 8 Train Loss: 0.033454 PredMean: 0.001253 TargetMean: 0.001119
Epoch 8 Valid Loss: 0.029617 PredMean: 0.000558 TargetMean: 0.000937
Saved new best checkpoint to /nemo/project/proj-ai-dna-hackathon/proj5/alphagenome_rnaseq_head_ag_fold0_linear_poisson_multinomial_49721436.pth
Epoch 9 Train Loss: 0.033311 PredMean: 0.001328 TargetMean: 0.001119
Epoch 9 Valid Loss: 0.029674 PredMean: 0.000450 TargetMean: 0.000937
No improvement for 1/4 epochs
Epoch 10 Train Loss: 0.033182 PredMean: 0.001206 TargetMean: 0.001119
Epoch 10 Valid Loss: 0.029421 PredMean: 0.000514 TargetMean: 0.000937
Saved new best checkpoint to /nemo/project/proj-ai-dna-hackathon/proj5/alphagenome_rnaseq_head_ag_fold0_linear_poisson_multinomial_49721436.pth
Epoch 11 Train Loss: 0.033063 PredMean: 0.001231 TargetMean: 0.001119
Epoch 11 Valid Loss: 0.029538 PredMean: 0.000428 TargetMean: 0.000937
No improvement for 1/4 epochs
Epoch 12 Train Loss: 0.032947 PredMean: 0.001177 TargetMean: 0.001119
Epoch 12 Valid Loss: 0.029311 PredMean: 0.000471 TargetMean: 0.000937
Saved new best checkpoint to /nemo/project/proj-ai-dna-hackathon/proj5/alphagenome_rnaseq_head_ag_fold0_linear_poisson_multinomial_49721436.pth
Epoch 13 Train Loss: 0.032856 PredMean: 0.001195 TargetMean: 0.001119
Epoch 13 Valid Loss: 0.029238 PredMean: 0.000475 TargetMean: 0.000937
Saved new best checkpoint to /nemo/project/proj-ai-dna-hackathon/proj5/alphagenome_rnaseq_head_ag_fold0_linear_poisson_multinomial_49721436.pth
Epoch 14 Train Loss: 0.032774 PredMean: 0.001144 TargetMean: 0.001119
Epoch 14 Valid Loss: 0.029224 PredMean: 0.000439 TargetMean: 0.000937
Saved new best checkpoint to /nemo/project/proj-ai-dna-hackathon/proj5/alphagenome_rnaseq_head_ag_fold0_linear_poisson_multinomial_49721436.pth
Epoch 15 Train Loss: 0.032698 PredMean: 0.001150 TargetMean: 0.001119
Epoch 15 Valid Loss: 0.029100 PredMean: 0.000467 TargetMean: 0.000937
Saved new best checkpoint to /nemo/project/proj-ai-dna-hackathon/proj5/alphagenome_rnaseq_head_ag_fold0_linear_poisson_multinomial_49721436.pth
Epoch 16 Train Loss: 0.032654 PredMean: 0.001164 TargetMean: 0.001119
Epoch 16 Valid Loss: 0.029086 PredMean: 0.000432 TargetMean: 0.000937
Saved new best checkpoint to /nemo/project/proj-ai-dna-hackathon/proj5/alphagenome_rnaseq_head_ag_fold0_linear_poisson_multinomial_49721436.pth
